Using pre-set license
Built from '2020.3/staging' branch; Version is '2020.3.3f1 (76626098c1c4) revision 7758432'; Using compiler version '192528614'; Build Type 'Release'
OS: 'Windows 10 Home Single Language; OS build 19043.1348; Version 2009; 64bit' Language: 'pt' Physical Memory: 10116 MB
BatchMode: 1, IsHumanControllingUs: 0, StartBugReporterOnCrash: 0, Is64bit: 1, IsPro: 0

 COMMAND LINE ARGUMENTS:
C:\Program Files\Unity\Editor\Unity.exe
-adb2
-batchMode
-noUpm
-name
AssetImportWorker0
-projectPath
C:/Users/vazle/Documents/GitClone/JogoRPG/PCBJ--Jogo-RPG/Lab5_RPG_Setup
-logFile
Logs/AssetImportWorker0.log
-srvPort
53996
Successfully changed project path to: C:/Users/vazle/Documents/GitClone/JogoRPG/PCBJ--Jogo-RPG/Lab5_RPG_Setup
C:/Users/vazle/Documents/GitClone/JogoRPG/PCBJ--Jogo-RPG/Lab5_RPG_Setup
Using Asset Import Pipeline V2.
Refreshing native plugins compatible for Editor in 48.16 ms, found 1 plugins.
Preloading 0 native plugins for Editor in 0.00 ms.
Initialize engine version: 2020.3.3f1 (76626098c1c4)
[Subsystems] Discovering subsystems at path C:/Program Files/Unity/Editor/Data/Resources/UnitySubsystems
[Subsystems] Discovering subsystems at path C:/Users/vazle/Documents/GitClone/JogoRPG/PCBJ--Jogo-RPG/Lab5_RPG_Setup/Assets
GfxDevice: creating device client; threaded=0
Direct3D:
    Version:  Direct3D 11.0 [level 11.1]
    Renderer: AMD Radeon(TM) Vega 8 Graphics (ID=0x15d8)
    Vendor:   
    VRAM:     5058 MB
    Driver:   26.20.14046.3
Initialize mono
Mono path[0] = 'C:/Program Files/Unity/Editor/Data/Managed'
Mono path[1] = 'C:/Program Files/Unity/Editor/Data/MonoBleedingEdge/lib/mono/unityjit'
Mono config path = 'C:/Program Files/Unity/Editor/Data/MonoBleedingEdge/etc'
Using monoOptions --debugger-agent=transport=dt_socket,embedding=1,server=y,suspend=n,address=127.0.0.1:56272
Begin MonoManager ReloadAssembly
Registering precompiled unity dll's ...
Register platform support module: C:/Program Files/Unity/Editor/Data/PlaybackEngines/WindowsStandaloneSupport/UnityEditor.WindowsStandalone.Extensions.dll
Registered in 0.003100 seconds.
Native extension for WindowsStandalone target not found
Refreshing native plugins compatible for Editor in 57.44 ms, found 1 plugins.
Preloading 0 native plugins for Editor in 0.00 ms.
Invoked RoslynAnalysisRunner static constructor.
RoslynAnalysisRunner will not be running.
RoslynAnalysisRunner has terminated.
Mono: successfully reloaded assembly
- Completed reload, in  1.783 seconds
Platform modules already initialized, skipping
Registering precompiled user dll's ...
Registered in 0.001768 seconds.
Begin MonoManager ReloadAssembly
Native extension for WindowsStandalone target not found
Refreshing native plugins compatible for Editor in 58.29 ms, found 1 plugins.
Preloading 0 native plugins for Editor in 0.00 ms.
Invoked RoslynAnalysisRunner static constructor.
RoslynAnalysisRunner will not be running.
RoslynAnalysisRunner has terminated.
Mono: successfully reloaded assembly
- Completed reload, in  1.563 seconds
Platform modules already initialized, skipping
========================================================================
Worker process is ready to serve import requests
Launched and connected shader compiler UnityShaderCompiler.exe after 0.07 seconds
Refreshing native plugins compatible for Editor in 0.57 ms, found 1 plugins.
Preloading 0 native plugins for Editor in 0.00 ms.
Unloading 1975 Unused Serialized files (Serialized files now loaded: 0)
System memory in use before: 90.5 MB.
System memory in use after: 90.5 MB.

Unloading 25 unused Assets to reduce memory usage. Loaded Objects now: 2419.
Total: 3.491600 ms (FindLiveObjects: 0.312200 ms CreateObjectMapping: 0.092400 ms MarkObjects: 2.890900 ms  DeleteObjects: 0.193700 ms)

========================================================================
Received Import Request.
  path: Assets/Sprites/Inventario/InventorySlot.png
  artifactKey: Guid(8925a11541a484f4184dc4cf7e4e08cc) Importer(815301076,1909f56bfc062723c751e8b465ee728b)
Start importing Assets/Sprites/Inventario/InventorySlot.png using Guid(8925a11541a484f4184dc4cf7e4e08cc) Importer(815301076,1909f56bfc062723c751e8b465ee728b)  -> (artifact id: '66590625c79600f5c80f2f9310c0b7c1') in 0.150191 seconds
  Import took 0.155322 seconds .

========================================================================
Received Prepare
Registering precompiled user dll's ...
Registered in 0.001537 seconds.
Begin MonoManager ReloadAssembly
Native extension for WindowsStandalone target not found
Refreshing native plugins compatible for Editor in 0.49 ms, found 1 plugins.
Preloading 0 native plugins for Editor in 0.00 ms.
Invoked RoslynAnalysisRunner static constructor.
RoslynAnalysisRunner will not be running.
RoslynAnalysisRunner has terminated.
Mono: successfully reloaded assembly
- Completed reload, in  1.321 seconds
Platform modules already initialized, skipping
Refreshing native plugins compatible for Editor in 0.47 ms, found 1 plugins.
Preloading 0 native plugins for Editor in 0.00 ms.
Unloading 1968 Unused Serialized files (Serialized files now loaded: 0)
System memory in use before: 93.4 MB.
System memory in use after: 93.4 MB.

Unloading 13 unused Assets to reduce memory usage. Loaded Objects now: 2432.
Total: 3.684700 ms (FindLiveObjects: 0.322700 ms CreateObjectMapping: 0.104100 ms MarkObjects: 3.094800 ms  DeleteObjects: 0.161300 ms)

========================================================================
Received Prepare
Registering precompiled user dll's ...
Registered in 0.001581 seconds.
Begin MonoManager ReloadAssembly
Native extension for WindowsStandalone target not found
Refreshing native plugins compatible for Editor in 0.48 ms, found 1 plugins.
Preloading 0 native plugins for Editor in 0.00 ms.
Invoked RoslynAnalysisRunner static constructor.
RoslynAnalysisRunner will not be running.
RoslynAnalysisRunner has terminated.
Mono: successfully reloaded assembly
- Completed reload, in  1.318 seconds
Platform modules already initialized, skipping
Refreshing native plugins compatible for Editor in 0.48 ms, found 1 plugins.
Preloading 0 native plugins for Editor in 0.00 ms.
Unloading 1968 Unused Serialized files (Serialized files now loaded: 0)
System memory in use before: 93.5 MB.
System memory in use after: 93.4 MB.

Unloading 13 unused Assets to reduce memory usage. Loaded Objects now: 2436.
Total: 4.140900 ms (FindLiveObjects: 0.338200 ms CreateObjectMapping: 0.104100 ms MarkObjects: 3.520500 ms  DeleteObjects: 0.175900 ms)

========================================================================
Received Prepare
Registering precompiled user dll's ...
Registered in 0.003376 seconds.
Begin MonoManager ReloadAssembly
Native extension for WindowsStandalone target not found
Refreshing native plugins compatible for Editor in 1.71 ms, found 1 plugins.
Preloading 0 native plugins for Editor in 0.00 ms.
Invoked RoslynAnalysisRunner static constructor.
RoslynAnalysisRunner will not be running.
RoslynAnalysisRunner has terminated.
Mono: successfully reloaded assembly
- Completed reload, in  2.165 seconds
Platform modules already initialized, skipping
Refreshing native plugins compatible for Editor in 0.51 ms, found 1 plugins.
Preloading 0 native plugins for Editor in 0.00 ms.
Unloading 1968 Unused Serialized files (Serialized files now loaded: 0)
System memory in use before: 93.5 MB.
System memory in use after: 93.5 MB.

Unloading 13 unused Assets to reduce memory usage. Loaded Objects now: 2440.
Total: 6.567200 ms (FindLiveObjects: 0.781600 ms CreateObjectMapping: 0.113500 ms MarkObjects: 5.216800 ms  DeleteObjects: 0.451900 ms)

========================================================================
Received Import Request.
  Time since last request: 364.133581 seconds.
  path: Assets/Scenes/Tela 1.unity
  artifactKey: Guid(ed133954af4809e4cb0d24a776ef60c4) Importer(815301076,1909f56bfc062723c751e8b465ee728b)
Start importing Assets/Scenes/Tela 1.unity using Guid(ed133954af4809e4cb0d24a776ef60c4) Importer(815301076,1909f56bfc062723c751e8b465ee728b)  -> (artifact id: '0d7f06fdf52ff8bdc2f39fcea1096f16') in 0.024354 seconds
  Import took 0.029232 seconds .

========================================================================
Received Import Request.
  Time since last request: 13.739083 seconds.
  path: Assets/Scenes/Tela 1.unity
  artifactKey: Guid(ed133954af4809e4cb0d24a776ef60c4) Importer(815301076,1909f56bfc062723c751e8b465ee728b)
Start importing Assets/Scenes/Tela 1.unity using Guid(ed133954af4809e4cb0d24a776ef60c4) Importer(815301076,1909f56bfc062723c751e8b465ee728b)  -> (artifact id: '0fc80e9b7ce68a0baeafcd3e7f3462cb') in 0.004240 seconds
  Import took 0.009051 seconds .

========================================================================
Received Import Request.
  Time since last request: 6.379607 seconds.
  path: Assets/Scenes/Tela 2.unity
  artifactKey: Guid(6b6d893c92e3d124393ac80368a19eb7) Importer(815301076,1909f56bfc062723c751e8b465ee728b)
Start importing Assets/Scenes/Tela 2.unity using Guid(6b6d893c92e3d124393ac80368a19eb7) Importer(815301076,1909f56bfc062723c751e8b465ee728b)  -> (artifact id: '3d59ae100dd2eb58d73bda68cdc656a0') in 0.003910 seconds
  Import took 0.008396 seconds .

AssetImportWorkerClient::OnTransportError - code=2 error=End of file
